{"C:\\Users\\diego\\Documentos\\proyecto\\nodejs-websocket-iot\\controller\\auditoriaController.js": {"path":"C:\\Users\\diego\\Documentos\\proyecto\\nodejs-websocket-iot\\controller\\auditoriaController.js","statementMap":{"0":{"start":{"line":6,"column":24},"end":{"line":6,"column":42}},"1":{"start":{"line":7,"column":19},"end":{"line":7,"column":38}},"2":{"start":{"line":8,"column":16},"end":{"line":8,"column":34}},"3":{"start":{"line":9,"column":20},"end":{"line":9,"column":37}},"4":{"start":{"line":10,"column":15},"end":{"line":10,"column":32}},"5":{"start":{"line":12,"column":17},"end":{"line":12,"column":69}},"6":{"start":{"line":13,"column":15},"end":{"line":13,"column":28}},"7":{"start":{"line":14,"column":24},"end":{"line":14,"column":36}},"8":{"start":{"line":17,"column":25},"end":{"line":27,"column":1}},"9":{"start":{"line":18,"column":2},"end":{"line":26,"column":3}},"10":{"start":{"line":19,"column":19},"end":{"line":19,"column":54}},"11":{"start":{"line":20,"column":4},"end":{"line":20,"column":62}},"12":{"start":{"line":21,"column":15},"end":{"line":21,"column":32}},"13":{"start":{"line":22,"column":4},"end":{"line":22,"column":26}},"14":{"start":{"line":24,"column":4},"end":{"line":24,"column":56}},"15":{"start":{"line":25,"column":4},"end":{"line":25,"column":16}},"16":{"start":{"line":30,"column":25},"end":{"line":50,"column":1}},"17":{"start":{"line":32,"column":2},"end":{"line":49,"column":3}},"18":{"start":{"line":33,"column":40},"end":{"line":33,"column":64}},"19":{"start":{"line":34,"column":4},"end":{"line":34,"column":25}},"20":{"start":{"line":35,"column":23},"end":{"line":39,"column":16}},"21":{"start":{"line":41,"column":4},"end":{"line":41,"column":37}},"22":{"start":{"line":43,"column":4},"end":{"line":43,"column":57}},"23":{"start":{"line":44,"column":4},"end":{"line":44,"column":60}},"24":{"start":{"line":46,"column":4},"end":{"line":48,"column":5}},"25":{"start":{"line":47,"column":6},"end":{"line":47,"column":27}},"26":{"start":{"line":52,"column":27},"end":{"line":149,"column":1}},"27":{"start":{"line":53,"column":19},"end":{"line":53,"column":29}},"28":{"start":{"line":54,"column":33},"end":{"line":54,"column":42}},"29":{"start":{"line":57,"column":2},"end":{"line":59,"column":3}},"30":{"start":{"line":58,"column":4},"end":{"line":58,"column":64}},"31":{"start":{"line":61,"column":2},"end":{"line":148,"column":3}},"32":{"start":{"line":62,"column":40},"end":{"line":62,"column":64}},"33":{"start":{"line":63,"column":4},"end":{"line":63,"column":25}},"34":{"start":{"line":65,"column":23},"end":{"line":74,"column":16}},"35":{"start":{"line":76,"column":4},"end":{"line":78,"column":5}},"36":{"start":{"line":77,"column":6},"end":{"line":77,"column":87}},"37":{"start":{"line":81,"column":4},"end":{"line":87,"column":5}},"38":{"start":{"line":82,"column":21},"end":{"line":82,"column":33}},"39":{"start":{"line":83,"column":18},"end":{"line":83,"column":42}},"40":{"start":{"line":84,"column":6},"end":{"line":84,"column":82}},"41":{"start":{"line":85,"column":6},"end":{"line":85,"column":48}},"42":{"start":{"line":86,"column":6},"end":{"line":86,"column":27}},"43":{"start":{"line":90,"column":4},"end":{"line":114,"column":5}},"44":{"start":{"line":91,"column":23},"end":{"line":91,"column":45}},"45":{"start":{"line":92,"column":20},"end":{"line":92,"column":55}},"46":{"start":{"line":94,"column":6},"end":{"line":99,"column":8}},"47":{"start":{"line":101,"column":6},"end":{"line":108,"column":9}},"48":{"start":{"line":102,"column":8},"end":{"line":107,"column":11}},"49":{"start":{"line":110,"column":6},"end":{"line":110,"column":105}},"50":{"start":{"line":111,"column":6},"end":{"line":111,"column":83}},"51":{"start":{"line":112,"column":6},"end":{"line":112,"column":37}},"52":{"start":{"line":113,"column":6},"end":{"line":113,"column":23}},"53":{"start":{"line":117,"column":4},"end":{"line":138,"column":5}},"54":{"start":{"line":118,"column":18},"end":{"line":118,"column":61}},"55":{"start":{"line":119,"column":6},"end":{"line":119,"column":55}},"56":{"start":{"line":120,"column":6},"end":{"line":120,"column":82}},"57":{"start":{"line":121,"column":6},"end":{"line":121,"column":20}},"58":{"start":{"line":123,"column":6},"end":{"line":123,"column":73}},"59":{"start":{"line":124,"column":6},"end":{"line":124,"column":21}},"60":{"start":{"line":126,"column":6},"end":{"line":134,"column":9}},"61":{"start":{"line":127,"column":8},"end":{"line":133,"column":22}},"62":{"start":{"line":136,"column":6},"end":{"line":136,"column":16}},"63":{"start":{"line":137,"column":6},"end":{"line":137,"column":13}},"64":{"start":{"line":140,"column":4},"end":{"line":140,"column":68}},"65":{"start":{"line":142,"column":4},"end":{"line":142,"column":58}},"66":{"start":{"line":143,"column":4},"end":{"line":143,"column":60}},"67":{"start":{"line":145,"column":4},"end":{"line":147,"column":5}},"68":{"start":{"line":146,"column":6},"end":{"line":146,"column":27}},"69":{"start":{"line":151,"column":0},"end":{"line":154,"column":2}}},"fnMap":{"0":{"name":"(anonymous_0)","decl":{"start":{"line":17,"column":25},"end":{"line":17,"column":26}},"loc":{"start":{"line":17,"column":37},"end":{"line":27,"column":1}},"line":17},"1":{"name":"(anonymous_1)","decl":{"start":{"line":30,"column":25},"end":{"line":30,"column":26}},"loc":{"start":{"line":30,"column":45},"end":{"line":50,"column":1}},"line":30},"2":{"name":"(anonymous_2)","decl":{"start":{"line":52,"column":27},"end":{"line":52,"column":28}},"loc":{"start":{"line":52,"column":47},"end":{"line":149,"column":1}},"line":52},"3":{"name":"(anonymous_3)","decl":{"start":{"line":101,"column":25},"end":{"line":101,"column":26}},"loc":{"start":{"line":101,"column":32},"end":{"line":108,"column":7}},"line":101},"4":{"name":"(anonymous_4)","decl":{"start":{"line":126,"column":25},"end":{"line":126,"column":26}},"loc":{"start":{"line":126,"column":32},"end":{"line":134,"column":7}},"line":126}},"branchMap":{"0":{"loc":{"start":{"line":12,"column":17},"end":{"line":12,"column":69}},"type":"binary-expr","locations":[{"start":{"line":12,"column":17},"end":{"line":12,"column":38}},{"start":{"line":12,"column":42},"end":{"line":12,"column":69}}],"line":12},"1":{"loc":{"start":{"line":46,"column":4},"end":{"line":48,"column":5}},"type":"if","locations":[{"start":{"line":46,"column":4},"end":{"line":48,"column":5}},{"start":{},"end":{}}],"line":46},"2":{"loc":{"start":{"line":57,"column":2},"end":{"line":59,"column":3}},"type":"if","locations":[{"start":{"line":57,"column":2},"end":{"line":59,"column":3}},{"start":{},"end":{}}],"line":57},"3":{"loc":{"start":{"line":57,"column":6},"end":{"line":57,"column":28}},"type":"binary-expr","locations":[{"start":{"line":57,"column":6},"end":{"line":57,"column":16}},{"start":{"line":57,"column":20},"end":{"line":57,"column":28}}],"line":57},"4":{"loc":{"start":{"line":76,"column":4},"end":{"line":78,"column":5}},"type":"if","locations":[{"start":{"line":76,"column":4},"end":{"line":78,"column":5}},{"start":{},"end":{}}],"line":76},"5":{"loc":{"start":{"line":81,"column":4},"end":{"line":87,"column":5}},"type":"if","locations":[{"start":{"line":81,"column":4},"end":{"line":87,"column":5}},{"start":{},"end":{}}],"line":81},"6":{"loc":{"start":{"line":90,"column":4},"end":{"line":114,"column":5}},"type":"if","locations":[{"start":{"line":90,"column":4},"end":{"line":114,"column":5}},{"start":{},"end":{}}],"line":90},"7":{"loc":{"start":{"line":105,"column":35},"end":{"line":105,"column":51}},"type":"binary-expr","locations":[{"start":{"line":105,"column":35},"end":{"line":105,"column":45}},{"start":{"line":105,"column":49},"end":{"line":105,"column":51}}],"line":105},"8":{"loc":{"start":{"line":117,"column":4},"end":{"line":138,"column":5}},"type":"if","locations":[{"start":{"line":117,"column":4},"end":{"line":138,"column":5}},{"start":{},"end":{}}],"line":117},"9":{"loc":{"start":{"line":129,"column":28},"end":{"line":129,"column":50}},"type":"binary-expr","locations":[{"start":{"line":129,"column":28},"end":{"line":129,"column":37}},{"start":{"line":129,"column":41},"end":{"line":129,"column":50}}],"line":129},"10":{"loc":{"start":{"line":132,"column":44},"end":{"line":132,"column":60}},"type":"binary-expr","locations":[{"start":{"line":132,"column":44},"end":{"line":132,"column":54}},{"start":{"line":132,"column":58},"end":{"line":132,"column":60}}],"line":132},"11":{"loc":{"start":{"line":145,"column":4},"end":{"line":147,"column":5}},"type":"if","locations":[{"start":{"line":145,"column":4},"end":{"line":147,"column":5}},{"start":{},"end":{}}],"line":145}},"s":{"0":1,"1":1,"2":1,"3":1,"4":1,"5":1,"6":1,"7":1,"8":1,"9":6,"10":6,"11":5,"12":5,"13":5,"14":1,"15":1,"16":1,"17":2,"18":2,"19":1,"20":1,"21":1,"22":1,"23":1,"24":2,"25":1,"26":1,"27":5,"28":5,"29":5,"30":1,"31":4,"32":4,"33":4,"34":4,"35":4,"36":1,"37":3,"38":1,"39":1,"40":1,"41":1,"42":1,"43":2,"44":1,"45":1,"46":1,"47":1,"48":1,"49":1,"50":1,"51":1,"52":1,"53":1,"54":1,"55":1,"56":1,"57":1,"58":1,"59":1,"60":1,"61":1,"62":1,"63":1,"64":0,"65":0,"66":0,"67":4,"68":4,"69":1},"f":{"0":6,"1":2,"2":5,"3":1,"4":1},"b":{"0":[1,1],"1":[1,1],"2":[1,4],"3":[5,4],"4":[1,3],"5":[1,2],"6":[1,1],"7":[1,1],"8":[1,0],"9":[1,0],"10":[1,1],"11":[4,0]},"_coverageSchema":"1a1c01bbd47fc00a2c39e90264f33305004495a9","hash":"5ab66718121fa36d10af5a38fc78aedcfd6098a9"}
,"C:\\Users\\diego\\Documentos\\proyecto\\nodejs-websocket-iot\\controller\\controlController.js": {"path":"C:\\Users\\diego\\Documentos\\proyecto\\nodejs-websocket-iot\\controller\\controlController.js","statementMap":{"0":{"start":{"line":1,"column":25},"end":{"line":4,"column":1}},"1":{"start":{"line":6,"column":29},"end":{"line":16,"column":1}},"2":{"start":{"line":7,"column":30},"end":{"line":7,"column":38}},"3":{"start":{"line":9,"column":4},"end":{"line":11,"column":5}},"4":{"start":{"line":10,"column":8},"end":{"line":10,"column":64}},"5":{"start":{"line":13,"column":4},"end":{"line":13,"column":43}},"6":{"start":{"line":14,"column":4},"end":{"line":14,"column":67}},"7":{"start":{"line":15,"column":4},"end":{"line":15,"column":32}},"8":{"start":{"line":18,"column":28},"end":{"line":21,"column":1}},"9":{"start":{"line":19,"column":4},"end":{"line":19,"column":33}},"10":{"start":{"line":20,"column":4},"end":{"line":20,"column":51}},"11":{"start":{"line":23,"column":0},"end":{"line":26,"column":2}}},"fnMap":{"0":{"name":"(anonymous_0)","decl":{"start":{"line":6,"column":29},"end":{"line":6,"column":30}},"loc":{"start":{"line":6,"column":49},"end":{"line":16,"column":1}},"line":6},"1":{"name":"(anonymous_1)","decl":{"start":{"line":18,"column":28},"end":{"line":18,"column":29}},"loc":{"start":{"line":18,"column":48},"end":{"line":21,"column":1}},"line":18}},"branchMap":{"0":{"loc":{"start":{"line":9,"column":4},"end":{"line":11,"column":5}},"type":"if","locations":[{"start":{"line":9,"column":4},"end":{"line":11,"column":5}},{"start":{},"end":{}}],"line":9},"1":{"loc":{"start":{"line":9,"column":8},"end":{"line":9,"column":25}},"type":"binary-expr","locations":[{"start":{"line":9,"column":8},"end":{"line":9,"column":15}},{"start":{"line":9,"column":19},"end":{"line":9,"column":25}}],"line":9}},"s":{"0":1,"1":1,"2":3,"3":3,"4":1,"5":2,"6":2,"7":2,"8":1,"9":2,"10":2,"11":1},"f":{"0":3,"1":2},"b":{"0":[1,2],"1":[3,3]},"_coverageSchema":"1a1c01bbd47fc00a2c39e90264f33305004495a9","hash":"3d611ff77b87d3fe9c140012ff1e9ac33f7dff30"}
,"C:\\Users\\diego\\Documentos\\proyecto\\nodejs-websocket-iot\\controller\\dataController.js": {"path":"C:\\Users\\diego\\Documentos\\proyecto\\nodejs-websocket-iot\\controller\\dataController.js","statementMap":{"0":{"start":{"line":1,"column":20},"end":{"line":1,"column":50}},"1":{"start":{"line":2,"column":19},"end":{"line":2,"column":38}},"2":{"start":{"line":3,"column":16},"end":{"line":3,"column":34}},"3":{"start":{"line":4,"column":20},"end":{"line":4,"column":37}},"4":{"start":{"line":5,"column":15},"end":{"line":5,"column":32}},"5":{"start":{"line":6,"column":14},"end":{"line":6,"column":30}},"6":{"start":{"line":7,"column":29},"end":{"line":7,"column":51}},"7":{"start":{"line":8,"column":15},"end":{"line":8,"column":41}},"8":{"start":{"line":11,"column":0},"end":{"line":11,"column":16}},"9":{"start":{"line":12,"column":20},"end":{"line":12,"column":277}},"10":{"start":{"line":14,"column":15},"end":{"line":14,"column":28}},"11":{"start":{"line":15,"column":17},"end":{"line":15,"column":81}},"12":{"start":{"line":18,"column":25},"end":{"line":28,"column":1}},"13":{"start":{"line":19,"column":2},"end":{"line":27,"column":3}},"14":{"start":{"line":20,"column":19},"end":{"line":20,"column":54}},"15":{"start":{"line":21,"column":4},"end":{"line":21,"column":57}},"16":{"start":{"line":22,"column":15},"end":{"line":22,"column":32}},"17":{"start":{"line":23,"column":4},"end":{"line":23,"column":26}},"18":{"start":{"line":25,"column":4},"end":{"line":25,"column":56}},"19":{"start":{"line":26,"column":4},"end":{"line":26,"column":16}},"20":{"start":{"line":30,"column":27},"end":{"line":54,"column":1}},"21":{"start":{"line":32,"column":2},"end":{"line":53,"column":3}},"22":{"start":{"line":33,"column":40},"end":{"line":33,"column":64}},"23":{"start":{"line":34,"column":4},"end":{"line":34,"column":25}},"24":{"start":{"line":35,"column":23},"end":{"line":35,"column":25}},"25":{"start":{"line":36,"column":4},"end":{"line":44,"column":5}},"26":{"start":{"line":37,"column":19},"end":{"line":41,"column":18}},"27":{"start":{"line":43,"column":6},"end":{"line":43,"column":40}},"28":{"start":{"line":45,"column":4},"end":{"line":45,"column":37}},"29":{"start":{"line":47,"column":4},"end":{"line":47,"column":68}},"30":{"start":{"line":48,"column":4},"end":{"line":48,"column":79}},"31":{"start":{"line":50,"column":4},"end":{"line":52,"column":5}},"32":{"start":{"line":51,"column":6},"end":{"line":51,"column":27}},"33":{"start":{"line":56,"column":29},"end":{"line":80,"column":1}},"34":{"start":{"line":58,"column":2},"end":{"line":79,"column":3}},"35":{"start":{"line":59,"column":40},"end":{"line":59,"column":64}},"36":{"start":{"line":60,"column":4},"end":{"line":60,"column":25}},"37":{"start":{"line":61,"column":17},"end":{"line":61,"column":25}},"38":{"start":{"line":62,"column":24},"end":{"line":62,"column":34}},"39":{"start":{"line":64,"column":4},"end":{"line":69,"column":7}},"40":{"start":{"line":71,"column":4},"end":{"line":71,"column":72}},"41":{"start":{"line":73,"column":4},"end":{"line":73,"column":62}},"42":{"start":{"line":74,"column":4},"end":{"line":74,"column":62}},"43":{"start":{"line":76,"column":4},"end":{"line":78,"column":5}},"44":{"start":{"line":77,"column":6},"end":{"line":77,"column":27}},"45":{"start":{"line":82,"column":35},"end":{"line":142,"column":1}},"46":{"start":{"line":83,"column":2},"end":{"line":141,"column":3}},"47":{"start":{"line":84,"column":21},"end":{"line":89,"column":6}},"48":{"start":{"line":91,"column":24},"end":{"line":91,"column":50}},"49":{"start":{"line":92,"column":4},"end":{"line":94,"column":5}},"50":{"start":{"line":93,"column":6},"end":{"line":93,"column":91}},"51":{"start":{"line":97,"column":25},"end":{"line":103,"column":5}},"52":{"start":{"line":98,"column":57},"end":{"line":98,"column":73}},"53":{"start":{"line":99,"column":55},"end":{"line":99,"column":71}},"54":{"start":{"line":100,"column":62},"end":{"line":100,"column":70}},"55":{"start":{"line":101,"column":66},"end":{"line":101,"column":78}},"56":{"start":{"line":102,"column":64},"end":{"line":102,"column":72}},"57":{"start":{"line":105,"column":4},"end":{"line":109,"column":7}},"58":{"start":{"line":106,"column":6},"end":{"line":108,"column":7}},"59":{"start":{"line":107,"column":8},"end":{"line":107,"column":74}},"60":{"start":{"line":112,"column":20},"end":{"line":123,"column":5}},"61":{"start":{"line":125,"column":27},"end":{"line":130,"column":10}},"62":{"start":{"line":126,"column":6},"end":{"line":128,"column":7}},"63":{"start":{"line":127,"column":8},"end":{"line":127,"column":100}},"64":{"start":{"line":129,"column":6},"end":{"line":129,"column":17}},"65":{"start":{"line":132,"column":4},"end":{"line":132,"column":38}},"66":{"start":{"line":134,"column":4},"end":{"line":134,"column":29}},"67":{"start":{"line":135,"column":4},"end":{"line":135,"column":68}},"68":{"start":{"line":136,"column":4},"end":{"line":136,"column":90}},"69":{"start":{"line":139,"column":4},"end":{"line":139,"column":85}},"70":{"start":{"line":140,"column":4},"end":{"line":140,"column":68}},"71":{"start":{"line":144,"column":17},"end":{"line":184,"column":1}},"72":{"start":{"line":146,"column":2},"end":{"line":183,"column":3}},"73":{"start":{"line":147,"column":40},"end":{"line":147,"column":64}},"74":{"start":{"line":148,"column":4},"end":{"line":148,"column":25}},"75":{"start":{"line":149,"column":31},"end":{"line":149,"column":41}},"76":{"start":{"line":150,"column":23},"end":{"line":150,"column":52}},"77":{"start":{"line":151,"column":21},"end":{"line":163,"column":5}},"78":{"start":{"line":164,"column":15},"end":{"line":164,"column":61}},"79":{"start":{"line":165,"column":4},"end":{"line":171,"column":7}},"80":{"start":{"line":166,"column":20},"end":{"line":166,"column":28}},"81":{"start":{"line":167,"column":6},"end":{"line":170,"column":8}},"82":{"start":{"line":173,"column":4},"end":{"line":175,"column":5}},"83":{"start":{"line":174,"column":6},"end":{"line":174,"column":75}},"84":{"start":{"line":176,"column":4},"end":{"line":176,"column":31}},"85":{"start":{"line":178,"column":4},"end":{"line":178,"column":90}},"86":{"start":{"line":180,"column":4},"end":{"line":182,"column":5}},"87":{"start":{"line":181,"column":6},"end":{"line":181,"column":27}},"88":{"start":{"line":185,"column":20},"end":{"line":236,"column":1}},"89":{"start":{"line":186,"column":47},"end":{"line":186,"column":57}},"90":{"start":{"line":187,"column":2},"end":{"line":235,"column":3}},"91":{"start":{"line":188,"column":27},"end":{"line":188,"column":51}},"92":{"start":{"line":189,"column":4},"end":{"line":189,"column":33}},"93":{"start":{"line":190,"column":4},"end":{"line":190,"column":33}},"94":{"start":{"line":191,"column":30},"end":{"line":191,"column":66}},"95":{"start":{"line":192,"column":30},"end":{"line":192,"column":66}},"96":{"start":{"line":193,"column":25},"end":{"line":193,"column":27}},"97":{"start":{"line":194,"column":21},"end":{"line":211,"column":5}},"98":{"start":{"line":212,"column":24},"end":{"line":212,"column":77}},"99":{"start":{"line":213,"column":24},"end":{"line":213,"column":77}},"100":{"start":{"line":214,"column":4},"end":{"line":214,"column":28}},"101":{"start":{"line":215,"column":4},"end":{"line":215,"column":28}},"102":{"start":{"line":217,"column":4},"end":{"line":230,"column":7}},"103":{"start":{"line":218,"column":6},"end":{"line":222,"column":9}},"104":{"start":{"line":223,"column":6},"end":{"line":229,"column":7}},"105":{"start":{"line":224,"column":8},"end":{"line":228,"column":11}},"106":{"start":{"line":231,"column":4},"end":{"line":231,"column":29}},"107":{"start":{"line":232,"column":4},"end":{"line":232,"column":39}},"108":{"start":{"line":234,"column":4},"end":{"line":234,"column":22}},"109":{"start":{"line":237,"column":16},"end":{"line":282,"column":1}},"110":{"start":{"line":239,"column":2},"end":{"line":281,"column":3}},"111":{"start":{"line":240,"column":40},"end":{"line":240,"column":64}},"112":{"start":{"line":241,"column":4},"end":{"line":241,"column":25}},"113":{"start":{"line":242,"column":31},"end":{"line":242,"column":41}},"114":{"start":{"line":243,"column":23},"end":{"line":243,"column":52}},"115":{"start":{"line":244,"column":21},"end":{"line":261,"column":5}},"116":{"start":{"line":262,"column":15},"end":{"line":262,"column":61}},"117":{"start":{"line":264,"column":4},"end":{"line":270,"column":7}},"118":{"start":{"line":265,"column":20},"end":{"line":265,"column":28}},"119":{"start":{"line":266,"column":6},"end":{"line":269,"column":8}},"120":{"start":{"line":271,"column":4},"end":{"line":273,"column":5}},"121":{"start":{"line":272,"column":6},"end":{"line":272,"column":75}},"122":{"start":{"line":274,"column":4},"end":{"line":274,"column":31}},"123":{"start":{"line":276,"column":4},"end":{"line":276,"column":93}},"124":{"start":{"line":278,"column":4},"end":{"line":280,"column":5}},"125":{"start":{"line":279,"column":6},"end":{"line":279,"column":27}},"126":{"start":{"line":284,"column":19},"end":{"line":324,"column":1}},"127":{"start":{"line":285,"column":29},"end":{"line":285,"column":39}},"128":{"start":{"line":286,"column":2},"end":{"line":323,"column":3}},"129":{"start":{"line":287,"column":27},"end":{"line":287,"column":51}},"130":{"start":{"line":288,"column":23},"end":{"line":288,"column":52}},"131":{"start":{"line":289,"column":21},"end":{"line":308,"column":5}},"132":{"start":{"line":309,"column":15},"end":{"line":309,"column":61}},"133":{"start":{"line":310,"column":4},"end":{"line":316,"column":7}},"134":{"start":{"line":311,"column":20},"end":{"line":311,"column":28}},"135":{"start":{"line":312,"column":6},"end":{"line":315,"column":8}},"136":{"start":{"line":317,"column":4},"end":{"line":319,"column":5}},"137":{"start":{"line":318,"column":6},"end":{"line":318,"column":75}},"138":{"start":{"line":320,"column":4},"end":{"line":320,"column":31}},"139":{"start":{"line":322,"column":4},"end":{"line":322,"column":93}},"140":{"start":{"line":325,"column":16},"end":{"line":365,"column":1}},"141":{"start":{"line":326,"column":29},"end":{"line":326,"column":39}},"142":{"start":{"line":327,"column":2},"end":{"line":364,"column":3}},"143":{"start":{"line":328,"column":27},"end":{"line":328,"column":51}},"144":{"start":{"line":329,"column":23},"end":{"line":329,"column":52}},"145":{"start":{"line":330,"column":21},"end":{"line":349,"column":5}},"146":{"start":{"line":350,"column":15},"end":{"line":350,"column":61}},"147":{"start":{"line":351,"column":4},"end":{"line":357,"column":7}},"148":{"start":{"line":352,"column":20},"end":{"line":352,"column":28}},"149":{"start":{"line":353,"column":6},"end":{"line":356,"column":8}},"150":{"start":{"line":358,"column":4},"end":{"line":360,"column":5}},"151":{"start":{"line":359,"column":6},"end":{"line":359,"column":75}},"152":{"start":{"line":361,"column":4},"end":{"line":361,"column":31}},"153":{"start":{"line":363,"column":4},"end":{"line":363,"column":93}},"154":{"start":{"line":366,"column":19},"end":{"line":421,"column":1}},"155":{"start":{"line":368,"column":2},"end":{"line":420,"column":3}},"156":{"start":{"line":369,"column":40},"end":{"line":369,"column":64}},"157":{"start":{"line":370,"column":4},"end":{"line":370,"column":25}},"158":{"start":{"line":371,"column":31},"end":{"line":371,"column":41}},"159":{"start":{"line":372,"column":35},"end":{"line":372,"column":44}},"160":{"start":{"line":374,"column":4},"end":{"line":376,"column":5}},"161":{"start":{"line":375,"column":6},"end":{"line":375,"column":89}},"162":{"start":{"line":378,"column":23},"end":{"line":378,"column":52}},"163":{"start":{"line":381,"column":18},"end":{"line":381,"column":37}},"164":{"start":{"line":382,"column":16},"end":{"line":382,"column":33}},"165":{"start":{"line":385,"column":4},"end":{"line":385,"column":37}},"166":{"start":{"line":387,"column":4},"end":{"line":387,"column":90}},"167":{"start":{"line":389,"column":20},"end":{"line":391,"column":16}},"168":{"start":{"line":393,"column":4},"end":{"line":393,"column":59}},"169":{"start":{"line":395,"column":4},"end":{"line":397,"column":5}},"170":{"start":{"line":396,"column":6},"end":{"line":396,"column":83}},"171":{"start":{"line":399,"column":17},"end":{"line":402,"column":7}},"172":{"start":{"line":399,"column":38},"end":{"line":402,"column":5}},"173":{"start":{"line":405,"column":19},"end":{"line":405,"column":35}},"174":{"start":{"line":406,"column":19},"end":{"line":406,"column":41}},"175":{"start":{"line":407,"column":16},"end":{"line":407,"column":34}},"176":{"start":{"line":409,"column":4},"end":{"line":409,"column":46}},"177":{"start":{"line":410,"column":4},"end":{"line":410,"column":71}},"178":{"start":{"line":411,"column":4},"end":{"line":411,"column":18}},"179":{"start":{"line":414,"column":4},"end":{"line":414,"column":52}},"180":{"start":{"line":415,"column":4},"end":{"line":415,"column":63}},"181":{"start":{"line":417,"column":4},"end":{"line":419,"column":5}},"182":{"start":{"line":418,"column":6},"end":{"line":418,"column":27}},"183":{"start":{"line":422,"column":20},"end":{"line":482,"column":1}},"184":{"start":{"line":423,"column":29},"end":{"line":423,"column":39}},"185":{"start":{"line":424,"column":33},"end":{"line":424,"column":42}},"186":{"start":{"line":426,"column":2},"end":{"line":428,"column":3}},"187":{"start":{"line":427,"column":4},"end":{"line":427,"column":111}},"188":{"start":{"line":430,"column":2},"end":{"line":480,"column":3}},"189":{"start":{"line":431,"column":27},"end":{"line":431,"column":51}},"190":{"start":{"line":432,"column":23},"end":{"line":432,"column":52}},"191":{"start":{"line":435,"column":18},"end":{"line":435,"column":37}},"192":{"start":{"line":436,"column":16},"end":{"line":436,"column":33}},"193":{"start":{"line":437,"column":4},"end":{"line":437,"column":37}},"194":{"start":{"line":439,"column":4},"end":{"line":439,"column":90}},"195":{"start":{"line":441,"column":17},"end":{"line":443,"column":16}},"196":{"start":{"line":445,"column":4},"end":{"line":445,"column":56}},"197":{"start":{"line":447,"column":4},"end":{"line":449,"column":5}},"198":{"start":{"line":448,"column":6},"end":{"line":448,"column":83}},"199":{"start":{"line":452,"column":21},"end":{"line":452,"column":43}},"200":{"start":{"line":453,"column":22},"end":{"line":453,"column":59}},"201":{"start":{"line":456,"column":4},"end":{"line":459,"column":6}},"202":{"start":{"line":462,"column":4},"end":{"line":467,"column":7}},"203":{"start":{"line":463,"column":6},"end":{"line":466,"column":9}},"204":{"start":{"line":470,"column":4},"end":{"line":470,"column":115}},"205":{"start":{"line":471,"column":4},"end":{"line":471,"column":103}},"206":{"start":{"line":474,"column":4},"end":{"line":474,"column":35}},"207":{"start":{"line":475,"column":4},"end":{"line":475,"column":14}},"208":{"start":{"line":478,"column":4},"end":{"line":478,"column":53}},"209":{"start":{"line":479,"column":4},"end":{"line":479,"column":63}},"210":{"start":{"line":483,"column":19},"end":{"line":601,"column":1}},"211":{"start":{"line":484,"column":29},"end":{"line":484,"column":39}},"212":{"start":{"line":485,"column":33},"end":{"line":485,"column":42}},"213":{"start":{"line":487,"column":2},"end":{"line":489,"column":3}},"214":{"start":{"line":488,"column":4},"end":{"line":488,"column":111}},"215":{"start":{"line":491,"column":2},"end":{"line":600,"column":3}},"216":{"start":{"line":492,"column":27},"end":{"line":492,"column":51}},"217":{"start":{"line":493,"column":23},"end":{"line":493,"column":52}},"218":{"start":{"line":496,"column":18},"end":{"line":496,"column":37}},"219":{"start":{"line":497,"column":16},"end":{"line":497,"column":33}},"220":{"start":{"line":498,"column":4},"end":{"line":498,"column":37}},"221":{"start":{"line":500,"column":4},"end":{"line":500,"column":90}},"222":{"start":{"line":502,"column":17},"end":{"line":504,"column":16}},"223":{"start":{"line":506,"column":4},"end":{"line":506,"column":56}},"224":{"start":{"line":508,"column":4},"end":{"line":510,"column":5}},"225":{"start":{"line":509,"column":6},"end":{"line":509,"column":83}},"226":{"start":{"line":513,"column":19},"end":{"line":513,"column":22}},"227":{"start":{"line":514,"column":4},"end":{"line":514,"column":114}},"228":{"start":{"line":515,"column":4},"end":{"line":515,"column":53}},"229":{"start":{"line":518,"column":16},"end":{"line":522,"column":6}},"230":{"start":{"line":525,"column":4},"end":{"line":525,"column":21}},"231":{"start":{"line":528,"column":4},"end":{"line":528,"column":102}},"232":{"start":{"line":529,"column":4},"end":{"line":529,"column":22}},"233":{"start":{"line":532,"column":4},"end":{"line":533,"column":174}},"234":{"start":{"line":534,"column":4},"end":{"line":534,"column":20}},"235":{"start":{"line":537,"column":22},"end":{"line":537,"column":85}},"236":{"start":{"line":538,"column":29},"end":{"line":538,"column":44}},"237":{"start":{"line":539,"column":28},"end":{"line":539,"column":43}},"238":{"start":{"line":542,"column":15},"end":{"line":542,"column":20}},"239":{"start":{"line":543,"column":28},"end":{"line":550,"column":5}},"240":{"start":{"line":544,"column":6},"end":{"line":544,"column":46}},"241":{"start":{"line":545,"column":6},"end":{"line":545,"column":95}},"242":{"start":{"line":546,"column":6},"end":{"line":548,"column":122}},"243":{"start":{"line":549,"column":6},"end":{"line":549,"column":17}},"244":{"start":{"line":552,"column":4},"end":{"line":552,"column":22}},"245":{"start":{"line":553,"column":19},"end":{"line":553,"column":24}},"246":{"start":{"line":557,"column":23},"end":{"line":557,"column":38}},"247":{"start":{"line":558,"column":26},"end":{"line":558,"column":90}},"248":{"start":{"line":559,"column":22},"end":{"line":559,"column":24}},"249":{"start":{"line":562,"column":4},"end":{"line":593,"column":5}},"250":{"start":{"line":562,"column":17},"end":{"line":562,"column":18}},"251":{"start":{"line":563,"column":19},"end":{"line":563,"column":26}},"252":{"start":{"line":566,"column":6},"end":{"line":571,"column":7}},"253":{"start":{"line":567,"column":8},"end":{"line":567,"column":22}},"254":{"start":{"line":568,"column":8},"end":{"line":568,"column":36}},"255":{"start":{"line":569,"column":8},"end":{"line":569,"column":26}},"256":{"start":{"line":570,"column":8},"end":{"line":570,"column":25}},"257":{"start":{"line":574,"column":6},"end":{"line":576,"column":7}},"258":{"start":{"line":575,"column":8},"end":{"line":575,"column":84}},"259":{"start":{"line":577,"column":6},"end":{"line":577,"column":27}},"260":{"start":{"line":580,"column":6},"end":{"line":580,"column":84}},"261":{"start":{"line":583,"column":6},"end":{"line":590,"column":10}},"262":{"start":{"line":592,"column":6},"end":{"line":592,"column":24}},"263":{"start":{"line":596,"column":4},"end":{"line":596,"column":14}},"264":{"start":{"line":598,"column":4},"end":{"line":598,"column":52}},"265":{"start":{"line":599,"column":4},"end":{"line":599,"column":63}},"266":{"start":{"line":603,"column":0},"end":{"line":615,"column":2}}},"fnMap":{"0":{"name":"(anonymous_0)","decl":{"start":{"line":18,"column":25},"end":{"line":18,"column":26}},"loc":{"start":{"line":18,"column":37},"end":{"line":28,"column":1}},"line":18},"1":{"name":"(anonymous_1)","decl":{"start":{"line":30,"column":27},"end":{"line":30,"column":28}},"loc":{"start":{"line":30,"column":47},"end":{"line":54,"column":1}},"line":30},"2":{"name":"(anonymous_2)","decl":{"start":{"line":56,"column":29},"end":{"line":56,"column":30}},"loc":{"start":{"line":56,"column":49},"end":{"line":80,"column":1}},"line":56},"3":{"name":"(anonymous_3)","decl":{"start":{"line":82,"column":35},"end":{"line":82,"column":36}},"loc":{"start":{"line":82,"column":55},"end":{"line":142,"column":1}},"line":82},"4":{"name":"(anonymous_4)","decl":{"start":{"line":98,"column":52},"end":{"line":98,"column":53}},"loc":{"start":{"line":98,"column":57},"end":{"line":98,"column":73}},"line":98},"5":{"name":"(anonymous_5)","decl":{"start":{"line":99,"column":50},"end":{"line":99,"column":51}},"loc":{"start":{"line":99,"column":55},"end":{"line":99,"column":71}},"line":99},"6":{"name":"(anonymous_6)","decl":{"start":{"line":100,"column":57},"end":{"line":100,"column":58}},"loc":{"start":{"line":100,"column":62},"end":{"line":100,"column":70}},"line":100},"7":{"name":"(anonymous_7)","decl":{"start":{"line":101,"column":61},"end":{"line":101,"column":62}},"loc":{"start":{"line":101,"column":66},"end":{"line":101,"column":78}},"line":101},"8":{"name":"(anonymous_8)","decl":{"start":{"line":102,"column":59},"end":{"line":102,"column":60}},"loc":{"start":{"line":102,"column":64},"end":{"line":102,"column":72}},"line":102},"9":{"name":"(anonymous_9)","decl":{"start":{"line":105,"column":25},"end":{"line":105,"column":26}},"loc":{"start":{"line":105,"column":54},"end":{"line":109,"column":5}},"line":105},"10":{"name":"(anonymous_10)","decl":{"start":{"line":125,"column":42},"end":{"line":125,"column":43}},"loc":{"start":{"line":125,"column":72},"end":{"line":130,"column":5}},"line":125},"11":{"name":"(anonymous_11)","decl":{"start":{"line":144,"column":17},"end":{"line":144,"column":18}},"loc":{"start":{"line":144,"column":37},"end":{"line":184,"column":1}},"line":144},"12":{"name":"(anonymous_12)","decl":{"start":{"line":165,"column":20},"end":{"line":165,"column":21}},"loc":{"start":{"line":165,"column":28},"end":{"line":171,"column":5}},"line":165},"13":{"name":"(anonymous_13)","decl":{"start":{"line":185,"column":20},"end":{"line":185,"column":21}},"loc":{"start":{"line":185,"column":40},"end":{"line":236,"column":1}},"line":185},"14":{"name":"(anonymous_14)","decl":{"start":{"line":217,"column":24},"end":{"line":217,"column":25}},"loc":{"start":{"line":217,"column":40},"end":{"line":230,"column":5}},"line":217},"15":{"name":"(anonymous_15)","decl":{"start":{"line":237,"column":16},"end":{"line":237,"column":17}},"loc":{"start":{"line":237,"column":36},"end":{"line":282,"column":1}},"line":237},"16":{"name":"(anonymous_16)","decl":{"start":{"line":264,"column":20},"end":{"line":264,"column":21}},"loc":{"start":{"line":264,"column":28},"end":{"line":270,"column":5}},"line":264},"17":{"name":"(anonymous_17)","decl":{"start":{"line":284,"column":19},"end":{"line":284,"column":20}},"loc":{"start":{"line":284,"column":39},"end":{"line":324,"column":1}},"line":284},"18":{"name":"(anonymous_18)","decl":{"start":{"line":310,"column":20},"end":{"line":310,"column":21}},"loc":{"start":{"line":310,"column":28},"end":{"line":316,"column":5}},"line":310},"19":{"name":"(anonymous_19)","decl":{"start":{"line":325,"column":16},"end":{"line":325,"column":17}},"loc":{"start":{"line":325,"column":36},"end":{"line":365,"column":1}},"line":325},"20":{"name":"(anonymous_20)","decl":{"start":{"line":351,"column":20},"end":{"line":351,"column":21}},"loc":{"start":{"line":351,"column":28},"end":{"line":357,"column":5}},"line":351},"21":{"name":"(anonymous_21)","decl":{"start":{"line":366,"column":19},"end":{"line":366,"column":20}},"loc":{"start":{"line":366,"column":39},"end":{"line":421,"column":1}},"line":366},"22":{"name":"(anonymous_22)","decl":{"start":{"line":399,"column":29},"end":{"line":399,"column":30}},"loc":{"start":{"line":399,"column":38},"end":{"line":402,"column":5}},"line":399},"23":{"name":"(anonymous_23)","decl":{"start":{"line":422,"column":20},"end":{"line":422,"column":21}},"loc":{"start":{"line":422,"column":40},"end":{"line":482,"column":1}},"line":422},"24":{"name":"(anonymous_24)","decl":{"start":{"line":462,"column":17},"end":{"line":462,"column":18}},"loc":{"start":{"line":462,"column":37},"end":{"line":467,"column":5}},"line":462},"25":{"name":"(anonymous_25)","decl":{"start":{"line":483,"column":19},"end":{"line":483,"column":20}},"loc":{"start":{"line":483,"column":39},"end":{"line":601,"column":1}},"line":483},"26":{"name":"(anonymous_26)","decl":{"start":{"line":543,"column":28},"end":{"line":543,"column":29}},"loc":{"start":{"line":543,"column":34},"end":{"line":550,"column":5}},"line":543}},"branchMap":{"0":{"loc":{"start":{"line":15,"column":17},"end":{"line":15,"column":81}},"type":"binary-expr","locations":[{"start":{"line":15,"column":17},"end":{"line":15,"column":38}},{"start":{"line":15,"column":42},"end":{"line":15,"column":81}}],"line":15},"1":{"loc":{"start":{"line":43,"column":24},"end":{"line":43,"column":39}},"type":"binary-expr","locations":[{"start":{"line":43,"column":24},"end":{"line":43,"column":31}},{"start":{"line":43,"column":35},"end":{"line":43,"column":39}}],"line":43},"2":{"loc":{"start":{"line":50,"column":4},"end":{"line":52,"column":5}},"type":"if","locations":[{"start":{"line":50,"column":4},"end":{"line":52,"column":5}},{"start":{},"end":{}}],"line":50},"3":{"loc":{"start":{"line":76,"column":4},"end":{"line":78,"column":5}},"type":"if","locations":[{"start":{"line":76,"column":4},"end":{"line":78,"column":5}},{"start":{},"end":{}}],"line":76},"4":{"loc":{"start":{"line":92,"column":4},"end":{"line":94,"column":5}},"type":"if","locations":[{"start":{"line":92,"column":4},"end":{"line":94,"column":5}},{"start":{},"end":{}}],"line":92},"5":{"loc":{"start":{"line":106,"column":6},"end":{"line":108,"column":7}},"type":"if","locations":[{"start":{"line":106,"column":6},"end":{"line":108,"column":7}},{"start":{},"end":{}}],"line":106},"6":{"loc":{"start":{"line":126,"column":6},"end":{"line":128,"column":7}},"type":"if","locations":[{"start":{"line":126,"column":6},"end":{"line":128,"column":7}},{"start":{},"end":{}}],"line":126},"7":{"loc":{"start":{"line":173,"column":4},"end":{"line":175,"column":5}},"type":"if","locations":[{"start":{"line":173,"column":4},"end":{"line":175,"column":5}},{"start":{},"end":{}}],"line":173},"8":{"loc":{"start":{"line":180,"column":4},"end":{"line":182,"column":5}},"type":"if","locations":[{"start":{"line":180,"column":4},"end":{"line":182,"column":5}},{"start":{},"end":{}}],"line":180},"9":{"loc":{"start":{"line":223,"column":6},"end":{"line":229,"column":7}},"type":"if","locations":[{"start":{"line":223,"column":6},"end":{"line":229,"column":7}},{"start":{},"end":{}}],"line":223},"10":{"loc":{"start":{"line":271,"column":4},"end":{"line":273,"column":5}},"type":"if","locations":[{"start":{"line":271,"column":4},"end":{"line":273,"column":5}},{"start":{},"end":{}}],"line":271},"11":{"loc":{"start":{"line":278,"column":4},"end":{"line":280,"column":5}},"type":"if","locations":[{"start":{"line":278,"column":4},"end":{"line":280,"column":5}},{"start":{},"end":{}}],"line":278},"12":{"loc":{"start":{"line":317,"column":4},"end":{"line":319,"column":5}},"type":"if","locations":[{"start":{"line":317,"column":4},"end":{"line":319,"column":5}},{"start":{},"end":{}}],"line":317},"13":{"loc":{"start":{"line":358,"column":4},"end":{"line":360,"column":5}},"type":"if","locations":[{"start":{"line":358,"column":4},"end":{"line":360,"column":5}},{"start":{},"end":{}}],"line":358},"14":{"loc":{"start":{"line":374,"column":4},"end":{"line":376,"column":5}},"type":"if","locations":[{"start":{"line":374,"column":4},"end":{"line":376,"column":5}},{"start":{},"end":{}}],"line":374},"15":{"loc":{"start":{"line":395,"column":4},"end":{"line":397,"column":5}},"type":"if","locations":[{"start":{"line":395,"column":4},"end":{"line":397,"column":5}},{"start":{},"end":{}}],"line":395},"16":{"loc":{"start":{"line":417,"column":4},"end":{"line":419,"column":5}},"type":"if","locations":[{"start":{"line":417,"column":4},"end":{"line":419,"column":5}},{"start":{},"end":{}}],"line":417},"17":{"loc":{"start":{"line":426,"column":2},"end":{"line":428,"column":3}},"type":"if","locations":[{"start":{"line":426,"column":2},"end":{"line":428,"column":3}},{"start":{},"end":{}}],"line":426},"18":{"loc":{"start":{"line":426,"column":6},"end":{"line":426,"column":47}},"type":"binary-expr","locations":[{"start":{"line":426,"column":6},"end":{"line":426,"column":21}},{"start":{"line":426,"column":25},"end":{"line":426,"column":35}},{"start":{"line":426,"column":39},"end":{"line":426,"column":47}}],"line":426},"19":{"loc":{"start":{"line":447,"column":4},"end":{"line":449,"column":5}},"type":"if","locations":[{"start":{"line":447,"column":4},"end":{"line":449,"column":5}},{"start":{},"end":{}}],"line":447},"20":{"loc":{"start":{"line":487,"column":2},"end":{"line":489,"column":3}},"type":"if","locations":[{"start":{"line":487,"column":2},"end":{"line":489,"column":3}},{"start":{},"end":{}}],"line":487},"21":{"loc":{"start":{"line":487,"column":6},"end":{"line":487,"column":47}},"type":"binary-expr","locations":[{"start":{"line":487,"column":6},"end":{"line":487,"column":21}},{"start":{"line":487,"column":25},"end":{"line":487,"column":35}},{"start":{"line":487,"column":39},"end":{"line":487,"column":47}}],"line":487},"22":{"loc":{"start":{"line":508,"column":4},"end":{"line":510,"column":5}},"type":"if","locations":[{"start":{"line":508,"column":4},"end":{"line":510,"column":5}},{"start":{},"end":{}}],"line":508},"23":{"loc":{"start":{"line":566,"column":6},"end":{"line":571,"column":7}},"type":"if","locations":[{"start":{"line":566,"column":6},"end":{"line":571,"column":7}},{"start":{},"end":{}}],"line":566},"24":{"loc":{"start":{"line":574,"column":6},"end":{"line":576,"column":7}},"type":"if","locations":[{"start":{"line":574,"column":6},"end":{"line":576,"column":7}},{"start":{},"end":{}}],"line":574}},"s":{"0":1,"1":1,"2":1,"3":1,"4":1,"5":1,"6":1,"7":1,"8":1,"9":1,"10":1,"11":1,"12":1,"13":7,"14":7,"15":7,"16":7,"17":7,"18":0,"19":0,"20":1,"21":1,"22":1,"23":1,"24":1,"25":1,"26":14,"27":14,"28":1,"29":0,"30":0,"31":1,"32":1,"33":1,"34":1,"35":1,"36":1,"37":1,"38":1,"39":1,"40":1,"41":0,"42":0,"43":1,"44":1,"45":1,"46":0,"47":0,"48":0,"49":0,"50":0,"51":0,"52":0,"53":0,"54":0,"55":0,"56":0,"57":0,"58":0,"59":0,"60":0,"61":0,"62":0,"63":0,"64":0,"65":0,"66":0,"67":0,"68":0,"69":0,"70":0,"71":1,"72":2,"73":2,"74":2,"75":2,"76":2,"77":2,"78":2,"79":2,"80":1,"81":1,"82":2,"83":1,"84":1,"85":0,"86":2,"87":2,"88":1,"89":0,"90":0,"91":0,"92":0,"93":0,"94":0,"95":0,"96":0,"97":0,"98":0,"99":0,"100":0,"101":0,"102":0,"103":0,"104":0,"105":0,"106":0,"107":0,"108":0,"109":1,"110":1,"111":1,"112":1,"113":1,"114":1,"115":1,"116":1,"117":1,"118":1,"119":1,"120":1,"121":0,"122":1,"123":0,"124":1,"125":1,"126":1,"127":0,"128":0,"129":0,"130":0,"131":0,"132":0,"133":0,"134":0,"135":0,"136":0,"137":0,"138":0,"139":0,"140":1,"141":0,"142":0,"143":0,"144":0,"145":0,"146":0,"147":0,"148":0,"149":0,"150":0,"151":0,"152":0,"153":0,"154":1,"155":2,"156":2,"157":2,"158":2,"159":2,"160":2,"161":0,"162":2,"163":2,"164":2,"165":2,"166":2,"167":2,"168":2,"169":2,"170":1,"171":1,"172":1,"173":1,"174":1,"175":1,"176":1,"177":1,"178":1,"179":0,"180":0,"181":2,"182":2,"183":1,"184":0,"185":0,"186":0,"187":0,"188":0,"189":0,"190":0,"191":0,"192":0,"193":0,"194":0,"195":0,"196":0,"197":0,"198":0,"199":0,"200":0,"201":0,"202":0,"203":0,"204":0,"205":0,"206":0,"207":0,"208":0,"209":0,"210":1,"211":0,"212":0,"213":0,"214":0,"215":0,"216":0,"217":0,"218":0,"219":0,"220":0,"221":0,"222":0,"223":0,"224":0,"225":0,"226":0,"227":0,"228":0,"229":0,"230":0,"231":0,"232":0,"233":0,"234":0,"235":0,"236":0,"237":0,"238":0,"239":0,"240":0,"241":0,"242":0,"243":0,"244":0,"245":0,"246":0,"247":0,"248":0,"249":0,"250":0,"251":0,"252":0,"253":0,"254":0,"255":0,"256":0,"257":0,"258":0,"259":0,"260":0,"261":0,"262":0,"263":0,"264":0,"265":0,"266":1},"f":{"0":7,"1":1,"2":1,"3":0,"4":0,"5":0,"6":0,"7":0,"8":0,"9":0,"10":0,"11":2,"12":1,"13":0,"14":0,"15":1,"16":1,"17":0,"18":0,"19":0,"20":0,"21":2,"22":1,"23":0,"24":0,"25":0,"26":0},"b":{"0":[1,0],"1":[14,0],"2":[1,0],"3":[1,0],"4":[0,0],"5":[0,0],"6":[0,0],"7":[1,1],"8":[2,0],"9":[0,0],"10":[0,1],"11":[1,0],"12":[0,0],"13":[0,0],"14":[0,2],"15":[1,1],"16":[2,0],"17":[0,0],"18":[0,0,0],"19":[0,0],"20":[0,0],"21":[0,0,0],"22":[0,0],"23":[0,0],"24":[0,0]},"_coverageSchema":"1a1c01bbd47fc00a2c39e90264f33305004495a9","hash":"8589483f87381c05257ca6964984623af429559e"}
,"C:\\Users\\diego\\Documentos\\proyecto\\nodejs-websocket-iot\\controller\\userController.js": {"path":"C:\\Users\\diego\\Documentos\\proyecto\\nodejs-websocket-iot\\controller\\userController.js","statementMap":{"0":{"start":{"line":1,"column":13},"end":{"line":1,"column":42}},"1":{"start":{"line":2,"column":15},"end":{"line":2,"column":32}},"2":{"start":{"line":3,"column":12},"end":{"line":3,"column":35}},"3":{"start":{"line":4,"column":31},"end":{"line":4,"column":62}},"4":{"start":{"line":12,"column":14},"end":{"line":36,"column":1}},"5":{"start":{"line":13,"column":33},"end":{"line":13,"column":41}},"6":{"start":{"line":14,"column":2},"end":{"line":35,"column":3}},"7":{"start":{"line":15,"column":17},"end":{"line":15,"column":49}},"8":{"start":{"line":16,"column":4},"end":{"line":16,"column":78}},"9":{"start":{"line":16,"column":15},"end":{"line":16,"column":78}},"10":{"start":{"line":18,"column":20},"end":{"line":18,"column":65}},"11":{"start":{"line":19,"column":4},"end":{"line":19,"column":81}},"12":{"start":{"line":19,"column":18},"end":{"line":19,"column":81}},"13":{"start":{"line":21,"column":20},"end":{"line":21,"column":45}},"14":{"start":{"line":22,"column":4},"end":{"line":31,"column":7}},"15":{"start":{"line":23,"column":6},"end":{"line":23,"column":25}},"16":{"start":{"line":23,"column":15},"end":{"line":23,"column":25}},"17":{"start":{"line":24,"column":6},"end":{"line":24,"column":96}},"18":{"start":{"line":26,"column":6},"end":{"line":28,"column":8}},"19":{"start":{"line":27,"column":8},"end":{"line":27,"column":63}},"20":{"start":{"line":30,"column":6},"end":{"line":30,"column":52}},"21":{"start":{"line":33,"column":4},"end":{"line":33,"column":31}},"22":{"start":{"line":34,"column":4},"end":{"line":34,"column":49}},"23":{"start":{"line":39,"column":16},"end":{"line":48,"column":1}},"24":{"start":{"line":40,"column":2},"end":{"line":47,"column":3}},"25":{"start":{"line":41,"column":17},"end":{"line":41,"column":69}},"26":{"start":{"line":42,"column":4},"end":{"line":42,"column":81}},"27":{"start":{"line":42,"column":15},"end":{"line":42,"column":81}},"28":{"start":{"line":43,"column":4},"end":{"line":43,"column":31}},"29":{"start":{"line":45,"column":4},"end":{"line":45,"column":33}},"30":{"start":{"line":46,"column":4},"end":{"line":46,"column":67}},"31":{"start":{"line":51,"column":15},"end":{"line":60,"column":1}},"32":{"start":{"line":52,"column":2},"end":{"line":59,"column":3}},"33":{"start":{"line":53,"column":4},"end":{"line":53,"column":88}},"34":{"start":{"line":54,"column":4},"end":{"line":54,"column":95}},"35":{"start":{"line":55,"column":4},"end":{"line":55,"column":40}},"36":{"start":{"line":57,"column":4},"end":{"line":57,"column":31}},"37":{"start":{"line":58,"column":4},"end":{"line":58,"column":49}},"38":{"start":{"line":63,"column":15},"end":{"line":82,"column":1}},"39":{"start":{"line":64,"column":2},"end":{"line":81,"column":3}},"40":{"start":{"line":65,"column":35},"end":{"line":65,"column":43}},"41":{"start":{"line":66,"column":22},"end":{"line":66,"column":54}},"42":{"start":{"line":67,"column":4},"end":{"line":67,"column":81}},"43":{"start":{"line":67,"column":19},"end":{"line":67,"column":81}},"44":{"start":{"line":69,"column":27},"end":{"line":69,"column":58}},"45":{"start":{"line":70,"column":20},"end":{"line":70,"column":71}},"46":{"start":{"line":71,"column":22},"end":{"line":71,"column":42}},"47":{"start":{"line":73,"column":4},"end":{"line":76,"column":7}},"48":{"start":{"line":78,"column":4},"end":{"line":78,"column":36}},"49":{"start":{"line":80,"column":4},"end":{"line":80,"column":58}},"50":{"start":{"line":85,"column":13},"end":{"line":94,"column":1}},"51":{"start":{"line":86,"column":2},"end":{"line":93,"column":3}},"52":{"start":{"line":87,"column":21},"end":{"line":87,"column":38}},"53":{"start":{"line":88,"column":4},"end":{"line":89,"column":75}},"54":{"start":{"line":89,"column":6},"end":{"line":89,"column":75}},"55":{"start":{"line":90,"column":4},"end":{"line":90,"column":35}},"56":{"start":{"line":92,"column":4},"end":{"line":92,"column":58}},"57":{"start":{"line":97,"column":15},"end":{"line":106,"column":1}},"58":{"start":{"line":98,"column":2},"end":{"line":105,"column":3}},"59":{"start":{"line":99,"column":15},"end":{"line":99,"column":28}},"60":{"start":{"line":100,"column":22},"end":{"line":100,"column":45}},"61":{"start":{"line":101,"column":4},"end":{"line":101,"column":89}},"62":{"start":{"line":101,"column":20},"end":{"line":101,"column":89}},"63":{"start":{"line":102,"column":4},"end":{"line":102,"column":36}},"64":{"start":{"line":104,"column":4},"end":{"line":104,"column":58}},"65":{"start":{"line":109,"column":19},"end":{"line":138,"column":1}},"66":{"start":{"line":110,"column":2},"end":{"line":137,"column":3}},"67":{"start":{"line":111,"column":15},"end":{"line":111,"column":28}},"68":{"start":{"line":112,"column":22},"end":{"line":112,"column":45}},"69":{"start":{"line":113,"column":4},"end":{"line":113,"column":89}},"70":{"start":{"line":113,"column":20},"end":{"line":113,"column":89}},"71":{"start":{"line":116,"column":4},"end":{"line":118,"column":7}},"72":{"start":{"line":117,"column":6},"end":{"line":117,"column":53}},"73":{"start":{"line":117,"column":32},"end":{"line":117,"column":53}},"74":{"start":{"line":121,"column":4},"end":{"line":123,"column":5}},"75":{"start":{"line":122,"column":6},"end":{"line":122,"column":67}},"76":{"start":{"line":125,"column":24},"end":{"line":125,"column":81}},"77":{"start":{"line":127,"column":31},"end":{"line":127,"column":62}},"78":{"start":{"line":128,"column":4},"end":{"line":131,"column":7}},"79":{"start":{"line":133,"column":4},"end":{"line":133,"column":38}},"80":{"start":{"line":135,"column":4},"end":{"line":135,"column":59}},"81":{"start":{"line":136,"column":4},"end":{"line":136,"column":58}},"82":{"start":{"line":141,"column":19},"end":{"line":160,"column":1}},"83":{"start":{"line":142,"column":2},"end":{"line":159,"column":3}},"84":{"start":{"line":143,"column":15},"end":{"line":143,"column":28}},"85":{"start":{"line":144,"column":22},"end":{"line":144,"column":45}},"86":{"start":{"line":145,"column":4},"end":{"line":145,"column":89}},"87":{"start":{"line":145,"column":20},"end":{"line":145,"column":89}},"88":{"start":{"line":147,"column":31},"end":{"line":147,"column":62}},"89":{"start":{"line":149,"column":4},"end":{"line":152,"column":7}},"90":{"start":{"line":154,"column":4},"end":{"line":154,"column":37}},"91":{"start":{"line":155,"column":4},"end":{"line":155,"column":73}},"92":{"start":{"line":157,"column":4},"end":{"line":157,"column":57}},"93":{"start":{"line":158,"column":4},"end":{"line":158,"column":58}},"94":{"start":{"line":162,"column":0},"end":{"line":171,"column":2}}},"fnMap":{"0":{"name":"(anonymous_0)","decl":{"start":{"line":12,"column":14},"end":{"line":12,"column":15}},"loc":{"start":{"line":12,"column":34},"end":{"line":36,"column":1}},"line":12},"1":{"name":"(anonymous_1)","decl":{"start":{"line":22,"column":53},"end":{"line":22,"column":54}},"loc":{"start":{"line":22,"column":69},"end":{"line":31,"column":5}},"line":22},"2":{"name":"(anonymous_2)","decl":{"start":{"line":26,"column":66},"end":{"line":26,"column":67}},"loc":{"start":{"line":27,"column":8},"end":{"line":27,"column":63}},"line":27},"3":{"name":"(anonymous_3)","decl":{"start":{"line":39,"column":16},"end":{"line":39,"column":17}},"loc":{"start":{"line":39,"column":36},"end":{"line":48,"column":1}},"line":39},"4":{"name":"(anonymous_4)","decl":{"start":{"line":51,"column":15},"end":{"line":51,"column":16}},"loc":{"start":{"line":51,"column":35},"end":{"line":60,"column":1}},"line":51},"5":{"name":"(anonymous_5)","decl":{"start":{"line":63,"column":15},"end":{"line":63,"column":16}},"loc":{"start":{"line":63,"column":35},"end":{"line":82,"column":1}},"line":63},"6":{"name":"(anonymous_6)","decl":{"start":{"line":85,"column":13},"end":{"line":85,"column":14}},"loc":{"start":{"line":85,"column":33},"end":{"line":94,"column":1}},"line":85},"7":{"name":"(anonymous_7)","decl":{"start":{"line":97,"column":15},"end":{"line":97,"column":16}},"loc":{"start":{"line":97,"column":35},"end":{"line":106,"column":1}},"line":97},"8":{"name":"(anonymous_8)","decl":{"start":{"line":109,"column":19},"end":{"line":109,"column":20}},"loc":{"start":{"line":109,"column":39},"end":{"line":138,"column":1}},"line":109},"9":{"name":"(anonymous_9)","decl":{"start":{"line":116,"column":34},"end":{"line":116,"column":35}},"loc":{"start":{"line":116,"column":43},"end":{"line":118,"column":5}},"line":116},"10":{"name":"(anonymous_10)","decl":{"start":{"line":141,"column":19},"end":{"line":141,"column":20}},"loc":{"start":{"line":141,"column":39},"end":{"line":160,"column":1}},"line":141}},"branchMap":{"0":{"loc":{"start":{"line":16,"column":4},"end":{"line":16,"column":78}},"type":"if","locations":[{"start":{"line":16,"column":4},"end":{"line":16,"column":78}},{"start":{},"end":{}}],"line":16},"1":{"loc":{"start":{"line":19,"column":4},"end":{"line":19,"column":81}},"type":"if","locations":[{"start":{"line":19,"column":4},"end":{"line":19,"column":81}},{"start":{},"end":{}}],"line":19},"2":{"loc":{"start":{"line":23,"column":6},"end":{"line":23,"column":25}},"type":"if","locations":[{"start":{"line":23,"column":6},"end":{"line":23,"column":25}},{"start":{},"end":{}}],"line":23},"3":{"loc":{"start":{"line":42,"column":4},"end":{"line":42,"column":81}},"type":"if","locations":[{"start":{"line":42,"column":4},"end":{"line":42,"column":81}},{"start":{},"end":{}}],"line":42},"4":{"loc":{"start":{"line":67,"column":4},"end":{"line":67,"column":81}},"type":"if","locations":[{"start":{"line":67,"column":4},"end":{"line":67,"column":81}},{"start":{},"end":{}}],"line":67},"5":{"loc":{"start":{"line":73,"column":29},"end":{"line":73,"column":60}},"type":"binary-expr","locations":[{"start":{"line":73,"column":29},"end":{"line":73,"column":47}},{"start":{"line":73,"column":51},"end":{"line":73,"column":60}}],"line":73},"6":{"loc":{"start":{"line":88,"column":4},"end":{"line":89,"column":75}},"type":"if","locations":[{"start":{"line":88,"column":4},"end":{"line":89,"column":75}},{"start":{},"end":{}}],"line":88},"7":{"loc":{"start":{"line":88,"column":8},"end":{"line":88,"column":42}},"type":"binary-expr","locations":[{"start":{"line":88,"column":8},"end":{"line":88,"column":17}},{"start":{"line":88,"column":21},"end":{"line":88,"column":42}}],"line":88},"8":{"loc":{"start":{"line":101,"column":4},"end":{"line":101,"column":89}},"type":"if","locations":[{"start":{"line":101,"column":4},"end":{"line":101,"column":89}},{"start":{},"end":{}}],"line":101},"9":{"loc":{"start":{"line":113,"column":4},"end":{"line":113,"column":89}},"type":"if","locations":[{"start":{"line":113,"column":4},"end":{"line":113,"column":89}},{"start":{},"end":{}}],"line":113},"10":{"loc":{"start":{"line":117,"column":6},"end":{"line":117,"column":53}},"type":"if","locations":[{"start":{"line":117,"column":6},"end":{"line":117,"column":53}},{"start":{},"end":{}}],"line":117},"11":{"loc":{"start":{"line":121,"column":4},"end":{"line":123,"column":5}},"type":"if","locations":[{"start":{"line":121,"column":4},"end":{"line":123,"column":5}},{"start":{},"end":{}}],"line":121},"12":{"loc":{"start":{"line":127,"column":31},"end":{"line":127,"column":62}},"type":"binary-expr","locations":[{"start":{"line":127,"column":31},"end":{"line":127,"column":49}},{"start":{"line":127,"column":53},"end":{"line":127,"column":62}}],"line":127},"13":{"loc":{"start":{"line":145,"column":4},"end":{"line":145,"column":89}},"type":"if","locations":[{"start":{"line":145,"column":4},"end":{"line":145,"column":89}},{"start":{},"end":{}}],"line":145},"14":{"loc":{"start":{"line":147,"column":31},"end":{"line":147,"column":62}},"type":"binary-expr","locations":[{"start":{"line":147,"column":31},"end":{"line":147,"column":49}},{"start":{"line":147,"column":53},"end":{"line":147,"column":62}}],"line":147}},"s":{"0":1,"1":1,"2":1,"3":1,"4":1,"5":2,"6":2,"7":2,"8":2,"9":1,"10":1,"11":1,"12":0,"13":1,"14":1,"15":1,"16":0,"17":1,"18":1,"19":0,"20":1,"21":0,"22":0,"23":1,"24":2,"25":2,"26":2,"27":1,"28":1,"29":0,"30":0,"31":1,"32":1,"33":1,"34":1,"35":1,"36":0,"37":0,"38":1,"39":2,"40":2,"41":2,"42":2,"43":1,"44":1,"45":1,"46":1,"47":1,"48":1,"49":0,"50":1,"51":2,"52":2,"53":2,"54":1,"55":1,"56":0,"57":1,"58":2,"59":2,"60":2,"61":2,"62":1,"63":1,"64":0,"65":1,"66":2,"67":2,"68":2,"69":2,"70":0,"71":2,"72":2,"73":0,"74":2,"75":1,"76":2,"77":2,"78":2,"79":2,"80":0,"81":0,"82":1,"83":2,"84":2,"85":2,"86":2,"87":1,"88":1,"89":1,"90":1,"91":1,"92":0,"93":0,"94":1},"f":{"0":2,"1":1,"2":0,"3":2,"4":1,"5":2,"6":2,"7":2,"8":2,"9":2,"10":2},"b":{"0":[1,1],"1":[0,1],"2":[0,1],"3":[1,1],"4":[1,1],"5":[1,0],"6":[1,1],"7":[2,2],"8":[1,1],"9":[0,2],"10":[0,2],"11":[1,1],"12":[2,0],"13":[1,1],"14":[1,0]},"_coverageSchema":"1a1c01bbd47fc00a2c39e90264f33305004495a9","hash":"b89d2e837f66bf63c0bf29d0702eb8ea4b6aedfc"}
,"C:\\Users\\diego\\Documentos\\proyecto\\nodejs-websocket-iot\\model\\userModel.js": {"path":"C:\\Users\\diego\\Documentos\\proyecto\\nodejs-websocket-iot\\model\\userModel.js","statementMap":{"0":{"start":{"line":2,"column":17},"end":{"line":2,"column":36}},"1":{"start":{"line":4,"column":19},"end":{"line":13,"column":4}},"2":{"start":{"line":16,"column":0},"end":{"line":16,"column":52}}},"fnMap":{},"branchMap":{},"s":{"0":1,"1":1,"2":1},"f":{},"b":{},"_coverageSchema":"1a1c01bbd47fc00a2c39e90264f33305004495a9","hash":"d4c1eb913e073ce155401ba3218919a0b279a64a"}
}
