TN:
SF:controller\auditoriaController.js
FN:17,(anonymous_0)
FN:30,(anonymous_1)
FN:52,(anonymous_2)
FN:101,(anonymous_3)
FN:126,(anonymous_4)
FNF:5
FNH:5
FNDA:6,(anonymous_0)
FNDA:2,(anonymous_1)
FNDA:5,(anonymous_2)
FNDA:1,(anonymous_3)
FNDA:1,(anonymous_4)
DA:6,1
DA:7,1
DA:8,1
DA:9,1
DA:10,1
DA:12,1
DA:13,1
DA:14,1
DA:17,1
DA:18,6
DA:19,6
DA:20,5
DA:21,5
DA:22,5
DA:24,1
DA:25,1
DA:30,1
DA:32,2
DA:33,2
DA:34,1
DA:35,1
DA:41,1
DA:43,1
DA:44,1
DA:46,2
DA:47,1
DA:52,1
DA:53,5
DA:54,5
DA:57,5
DA:58,1
DA:61,4
DA:62,4
DA:63,4
DA:65,4
DA:76,4
DA:77,1
DA:81,3
DA:82,1
DA:83,1
DA:84,1
DA:85,1
DA:86,1
DA:90,2
DA:91,1
DA:92,1
DA:94,1
DA:101,1
DA:102,1
DA:110,1
DA:111,1
DA:112,1
DA:113,1
DA:117,1
DA:118,1
DA:119,1
DA:120,1
DA:121,1
DA:123,1
DA:124,1
DA:126,1
DA:127,1
DA:136,1
DA:137,1
DA:140,0
DA:142,0
DA:143,0
DA:145,4
DA:146,4
DA:151,1
LF:70
LH:67
BRDA:12,0,0,1
BRDA:12,0,1,1
BRDA:46,1,0,1
BRDA:46,1,1,1
BRDA:57,2,0,1
BRDA:57,2,1,4
BRDA:57,3,0,5
BRDA:57,3,1,4
BRDA:76,4,0,1
BRDA:76,4,1,3
BRDA:81,5,0,1
BRDA:81,5,1,2
BRDA:90,6,0,1
BRDA:90,6,1,1
BRDA:105,7,0,1
BRDA:105,7,1,1
BRDA:117,8,0,1
BRDA:117,8,1,0
BRDA:129,9,0,1
BRDA:129,9,1,0
BRDA:132,10,0,1
BRDA:132,10,1,1
BRDA:145,11,0,4
BRDA:145,11,1,0
BRF:24
BRH:21
end_of_record
TN:
SF:controller\controlController.js
FN:6,(anonymous_0)
FN:18,(anonymous_1)
FNF:2
FNH:2
FNDA:3,(anonymous_0)
FNDA:2,(anonymous_1)
DA:1,1
DA:6,1
DA:7,3
DA:9,3
DA:10,1
DA:13,2
DA:14,2
DA:15,2
DA:18,1
DA:19,2
DA:20,2
DA:23,1
LF:12
LH:12
BRDA:9,0,0,1
BRDA:9,0,1,2
BRDA:9,1,0,3
BRDA:9,1,1,3
BRF:4
BRH:4
end_of_record
TN:
SF:controller\dataController.js
FN:18,(anonymous_0)
FN:30,(anonymous_1)
FN:56,(anonymous_2)
FN:82,(anonymous_3)
FN:98,(anonymous_4)
FN:99,(anonymous_5)
FN:100,(anonymous_6)
FN:101,(anonymous_7)
FN:102,(anonymous_8)
FN:105,(anonymous_9)
FN:125,(anonymous_10)
FN:144,(anonymous_11)
FN:165,(anonymous_12)
FN:185,(anonymous_13)
FN:217,(anonymous_14)
FN:237,(anonymous_15)
FN:264,(anonymous_16)
FN:284,(anonymous_17)
FN:310,(anonymous_18)
FN:325,(anonymous_19)
FN:351,(anonymous_20)
FN:366,(anonymous_21)
FN:399,(anonymous_22)
FN:422,(anonymous_23)
FN:462,(anonymous_24)
FN:483,(anonymous_25)
FN:543,(anonymous_26)
FNF:27
FNH:9
FNDA:7,(anonymous_0)
FNDA:1,(anonymous_1)
FNDA:1,(anonymous_2)
FNDA:0,(anonymous_3)
FNDA:0,(anonymous_4)
FNDA:0,(anonymous_5)
FNDA:0,(anonymous_6)
FNDA:0,(anonymous_7)
FNDA:0,(anonymous_8)
FNDA:0,(anonymous_9)
FNDA:0,(anonymous_10)
FNDA:2,(anonymous_11)
FNDA:1,(anonymous_12)
FNDA:0,(anonymous_13)
FNDA:0,(anonymous_14)
FNDA:1,(anonymous_15)
FNDA:1,(anonymous_16)
FNDA:0,(anonymous_17)
FNDA:0,(anonymous_18)
FNDA:0,(anonymous_19)
FNDA:0,(anonymous_20)
FNDA:2,(anonymous_21)
FNDA:1,(anonymous_22)
FNDA:0,(anonymous_23)
FNDA:0,(anonymous_24)
FNDA:0,(anonymous_25)
FNDA:0,(anonymous_26)
DA:1,1
DA:2,1
DA:3,1
DA:4,1
DA:5,1
DA:6,1
DA:7,1
DA:8,1
DA:11,1
DA:12,1
DA:14,1
DA:15,1
DA:18,1
DA:19,7
DA:20,7
DA:21,7
DA:22,7
DA:23,7
DA:25,0
DA:26,0
DA:30,1
DA:32,1
DA:33,1
DA:34,1
DA:35,1
DA:36,1
DA:37,14
DA:43,14
DA:45,1
DA:47,0
DA:48,0
DA:50,1
DA:51,1
DA:56,1
DA:58,1
DA:59,1
DA:60,1
DA:61,1
DA:62,1
DA:64,1
DA:71,1
DA:73,0
DA:74,0
DA:76,1
DA:77,1
DA:82,1
DA:83,0
DA:84,0
DA:91,0
DA:92,0
DA:93,0
DA:97,0
DA:98,0
DA:99,0
DA:100,0
DA:101,0
DA:102,0
DA:105,0
DA:106,0
DA:107,0
DA:112,0
DA:125,0
DA:126,0
DA:127,0
DA:129,0
DA:132,0
DA:134,0
DA:135,0
DA:136,0
DA:139,0
DA:140,0
DA:144,1
DA:146,2
DA:147,2
DA:148,2
DA:149,2
DA:150,2
DA:151,2
DA:164,2
DA:165,2
DA:166,1
DA:167,1
DA:173,2
DA:174,1
DA:176,1
DA:178,0
DA:180,2
DA:181,2
DA:185,1
DA:186,0
DA:187,0
DA:188,0
DA:189,0
DA:190,0
DA:191,0
DA:192,0
DA:193,0
DA:194,0
DA:212,0
DA:213,0
DA:214,0
DA:215,0
DA:217,0
DA:218,0
DA:223,0
DA:224,0
DA:231,0
DA:232,0
DA:234,0
DA:237,1
DA:239,1
DA:240,1
DA:241,1
DA:242,1
DA:243,1
DA:244,1
DA:262,1
DA:264,1
DA:265,1
DA:266,1
DA:271,1
DA:272,0
DA:274,1
DA:276,0
DA:278,1
DA:279,1
DA:284,1
DA:285,0
DA:286,0
DA:287,0
DA:288,0
DA:289,0
DA:309,0
DA:310,0
DA:311,0
DA:312,0
DA:317,0
DA:318,0
DA:320,0
DA:322,0
DA:325,1
DA:326,0
DA:327,0
DA:328,0
DA:329,0
DA:330,0
DA:350,0
DA:351,0
DA:352,0
DA:353,0
DA:358,0
DA:359,0
DA:361,0
DA:363,0
DA:366,1
DA:368,2
DA:369,2
DA:370,2
DA:371,2
DA:372,2
DA:374,2
DA:375,0
DA:378,2
DA:381,2
DA:382,2
DA:385,2
DA:387,2
DA:389,2
DA:393,2
DA:395,2
DA:396,1
DA:399,1
DA:405,1
DA:406,1
DA:407,1
DA:409,1
DA:410,1
DA:411,1
DA:414,0
DA:415,0
DA:417,2
DA:418,2
DA:422,1
DA:423,0
DA:424,0
DA:426,0
DA:427,0
DA:430,0
DA:431,0
DA:432,0
DA:435,0
DA:436,0
DA:437,0
DA:439,0
DA:441,0
DA:445,0
DA:447,0
DA:448,0
DA:452,0
DA:453,0
DA:456,0
DA:462,0
DA:463,0
DA:470,0
DA:471,0
DA:474,0
DA:475,0
DA:478,0
DA:479,0
DA:483,1
DA:484,0
DA:485,0
DA:487,0
DA:488,0
DA:491,0
DA:492,0
DA:493,0
DA:496,0
DA:497,0
DA:498,0
DA:500,0
DA:502,0
DA:506,0
DA:508,0
DA:509,0
DA:513,0
DA:514,0
DA:515,0
DA:518,0
DA:525,0
DA:528,0
DA:529,0
DA:532,0
DA:534,0
DA:537,0
DA:538,0
DA:539,0
DA:542,0
DA:543,0
DA:544,0
DA:545,0
DA:546,0
DA:549,0
DA:552,0
DA:553,0
DA:557,0
DA:558,0
DA:559,0
DA:562,0
DA:563,0
DA:566,0
DA:567,0
DA:568,0
DA:569,0
DA:570,0
DA:574,0
DA:575,0
DA:577,0
DA:580,0
DA:583,0
DA:592,0
DA:596,0
DA:598,0
DA:599,0
DA:603,1
LF:265
LH:102
BRDA:15,0,0,1
BRDA:15,0,1,0
BRDA:43,1,0,14
BRDA:43,1,1,0
BRDA:50,2,0,1
BRDA:50,2,1,0
BRDA:76,3,0,1
BRDA:76,3,1,0
BRDA:92,4,0,0
BRDA:92,4,1,0
BRDA:106,5,0,0
BRDA:106,5,1,0
BRDA:126,6,0,0
BRDA:126,6,1,0
BRDA:173,7,0,1
BRDA:173,7,1,1
BRDA:180,8,0,2
BRDA:180,8,1,0
BRDA:223,9,0,0
BRDA:223,9,1,0
BRDA:271,10,0,0
BRDA:271,10,1,1
BRDA:278,11,0,1
BRDA:278,11,1,0
BRDA:317,12,0,0
BRDA:317,12,1,0
BRDA:358,13,0,0
BRDA:358,13,1,0
BRDA:374,14,0,0
BRDA:374,14,1,2
BRDA:395,15,0,1
BRDA:395,15,1,1
BRDA:417,16,0,2
BRDA:417,16,1,0
BRDA:426,17,0,0
BRDA:426,17,1,0
BRDA:426,18,0,0
BRDA:426,18,1,0
BRDA:426,18,2,0
BRDA:447,19,0,0
BRDA:447,19,1,0
BRDA:487,20,0,0
BRDA:487,20,1,0
BRDA:487,21,0,0
BRDA:487,21,1,0
BRDA:487,21,2,0
BRDA:508,22,0,0
BRDA:508,22,1,0
BRDA:566,23,0,0
BRDA:566,23,1,0
BRDA:574,24,0,0
BRDA:574,24,1,0
BRF:52
BRH:13
end_of_record
TN:
SF:controller\userController.js
FN:12,(anonymous_0)
FN:22,(anonymous_1)
FN:26,(anonymous_2)
FN:39,(anonymous_3)
FN:51,(anonymous_4)
FN:63,(anonymous_5)
FN:85,(anonymous_6)
FN:97,(anonymous_7)
FN:109,(anonymous_8)
FN:116,(anonymous_9)
FN:141,(anonymous_10)
FNF:11
FNH:10
FNDA:2,(anonymous_0)
FNDA:1,(anonymous_1)
FNDA:0,(anonymous_2)
FNDA:2,(anonymous_3)
FNDA:1,(anonymous_4)
FNDA:2,(anonymous_5)
FNDA:2,(anonymous_6)
FNDA:2,(anonymous_7)
FNDA:2,(anonymous_8)
FNDA:2,(anonymous_9)
FNDA:2,(anonymous_10)
DA:1,1
DA:2,1
DA:3,1
DA:4,1
DA:12,1
DA:13,2
DA:14,2
DA:15,2
DA:16,2
DA:18,1
DA:19,1
DA:21,1
DA:22,1
DA:23,1
DA:24,1
DA:26,1
DA:27,0
DA:30,1
DA:33,0
DA:34,0
DA:39,1
DA:40,2
DA:41,2
DA:42,2
DA:43,1
DA:45,0
DA:46,0
DA:51,1
DA:52,1
DA:53,1
DA:54,1
DA:55,1
DA:57,0
DA:58,0
DA:63,1
DA:64,2
DA:65,2
DA:66,2
DA:67,2
DA:69,1
DA:70,1
DA:71,1
DA:73,1
DA:78,1
DA:80,0
DA:85,1
DA:86,2
DA:87,2
DA:88,2
DA:89,1
DA:90,1
DA:92,0
DA:97,1
DA:98,2
DA:99,2
DA:100,2
DA:101,2
DA:102,1
DA:104,0
DA:109,1
DA:110,2
DA:111,2
DA:112,2
DA:113,2
DA:116,2
DA:117,2
DA:121,2
DA:122,1
DA:125,2
DA:127,2
DA:128,2
DA:133,2
DA:135,0
DA:136,0
DA:141,1
DA:142,2
DA:143,2
DA:144,2
DA:145,2
DA:147,1
DA:149,1
DA:154,1
DA:155,1
DA:157,0
DA:158,0
DA:162,1
LF:86
LH:72
BRDA:16,0,0,1
BRDA:16,0,1,1
BRDA:19,1,0,0
BRDA:19,1,1,1
BRDA:23,2,0,0
BRDA:23,2,1,1
BRDA:42,3,0,1
BRDA:42,3,1,1
BRDA:67,4,0,1
BRDA:67,4,1,1
BRDA:73,5,0,1
BRDA:73,5,1,0
BRDA:88,6,0,1
BRDA:88,6,1,1
BRDA:88,7,0,2
BRDA:88,7,1,2
BRDA:101,8,0,1
BRDA:101,8,1,1
BRDA:113,9,0,0
BRDA:113,9,1,2
BRDA:117,10,0,0
BRDA:117,10,1,2
BRDA:121,11,0,1
BRDA:121,11,1,1
BRDA:127,12,0,2
BRDA:127,12,1,0
BRDA:145,13,0,1
BRDA:145,13,1,1
BRDA:147,14,0,1
BRDA:147,14,1,0
BRF:30
BRH:23
end_of_record
TN:
SF:model\userModel.js
FNF:0
FNH:0
DA:2,1
DA:4,1
DA:16,1
LF:3
LH:3
BRF:0
BRH:0
end_of_record
